{"filename":"app.js","level":"info","message":"Database created or already exists","timestamp":"2024-09-29T17:10:36.953Z","userId":"No userId"}
{"filename":"app.js","level":"info","message":"Connected to the Caterorange DB","timestamp":"2024-09-29T17:10:38.895Z","userId":"No userId"}
{"filename":"tableController.js","level":"info","message":"Groups table created successfully","timestamp":"2024-09-29T17:10:40.585Z","userId":"No userId"}
{"filename":"tableController.js","level":"info","message":"Customer table created successfully","timestamp":"2024-09-29T17:10:40.984Z","userId":"No userId"}
{"filename":"tableController.js","level":"info","message":"Admin table created successfully","timestamp":"2024-09-29T17:10:41.163Z","userId":"No userId"}
{"filename":"tableController.js","level":"info","message":"Addresses table created successfully","timestamp":"2024-09-29T17:10:41.351Z","userId":"No userId"}
{"filename":"tableController.js","level":"info","message":"Payment table created successfully","timestamp":"2024-09-29T17:10:41.615Z","userId":"No userId"}
{"filename":"tableController.js","level":"info","message":"Corporate Orders table created successfully","timestamp":"2024-09-29T17:10:43.963Z","userId":"No userId"}
{"filename":"tableController.js","level":"info","message":"Corporate Category table created successfully","timestamp":"2024-09-29T17:10:44.631Z","userId":"No userId"}
{"filename":"tableController.js","level":"info","message":"Corporate Order Details table created successfully","timestamp":"2024-09-29T17:10:44.880Z","userId":"No userId"}
{"filename":"tableController.js","level":"info","message":"Event Orders table created successfully","timestamp":"2024-09-29T17:10:45.688Z","userId":"No userId"}
{"filename":"tableController.js","level":"info","message":"Event Category table created successfully","timestamp":"2024-09-29T17:10:45.919Z","userId":"No userId"}
{"filename":"tableController.js","level":"info","message":"Event Cart table created successfully","timestamp":"2024-09-29T17:10:46.127Z","userId":"No userId"}
{"filename":"tableController.js","level":"info","message":"Corporate Cart table created successfully","timestamp":"2024-09-29T17:10:46.942Z","userId":"No userId"}
{"filename":"tableController.js","level":"info","message":"Event Products table created successfully","timestamp":"2024-09-29T17:10:47.254Z","userId":"No userId"}
{"filename":"app.js","level":"info","message":"Tables created successfully","timestamp":"2024-09-29T17:10:47.256Z","userId":"No userId"}
{"filename":"app.js","level":"info","message":"Apollo Server started","timestamp":"2024-09-29T17:10:49.593Z","userId":"No userId"}
{"filename":"app.js","level":"info","message":"Server is running on port 4000","timestamp":"2024-09-29T17:10:49.599Z","userId":"No userId"}
{"filename":"app.js","level":"info","message":"GraphQL endpoint: http://localhost:4000/graphql","timestamp":"2024-09-29T17:10:49.600Z","userId":"No userId"}
{"email":"","filename":"customerController.js","level":"error","message":"You are not registered yet, please register","timestamp":"2024-09-29T17:24:23.809Z","userId":"No userId"}
{"email":"h@gmail.com","filename":"customerController.js","level":"error","message":"You are not registered yet, please register","timestamp":"2024-09-29T17:24:29.131Z","userId":"No userId"}
{"customer_email":"chandrikab@scaleorange.com","filename":"customerModels.js","level":"info","message":"User data added successfully","timestamp":"2024-09-29T17:39:28.172Z","userId":"No userId"}
{"filename":"categoryModels.js","level":"info","message":"Corporate categories fetched successfully","timestamp":"2024-09-29T17:39:28.509Z","userId":"C000014"}
{"count":0,"customer_id":"C000014","filename":"customerModels.js","level":"info","message":"Addresses retrieved for customer ID:","timestamp":"2024-09-29T17:39:28.560Z","userId":"C000014"}
{"filename":"categoryModels.js","level":"info","message":"Corporate categories fetched successfully","timestamp":"2024-09-29T17:39:28.566Z","userId":"C000014"}
{"count":0,"customer_id":"C000014","filename":"customerModels.js","level":"info","message":"Addresses retrieved for customer ID:","timestamp":"2024-09-29T17:39:28.578Z","userId":"C000014"}
{"filename":"categoryModels.js","level":"info","message":"Corporate categories fetched successfully","timestamp":"2024-09-29T17:41:25.523Z","userId":"C000014"}
{"count":0,"customer_id":"C000014","filename":"customerModels.js","level":"info","message":"Addresses retrieved for customer ID:","timestamp":"2024-09-29T17:41:25.550Z","userId":"C000014"}
{"filename":"categoryModels.js","level":"info","message":"Corporate categories fetched successfully","timestamp":"2024-09-29T17:41:25.573Z","userId":"C000014"}
{"count":0,"customer_id":"C000014","filename":"customerModels.js","level":"info","message":"Addresses retrieved for customer ID:","timestamp":"2024-09-29T17:41:25.592Z","userId":"C000014"}
{"filename":"categoryModels.js","level":"info","message":"Corporate categories fetched successfully","timestamp":"2024-09-29T17:41:31.127Z","userId":"C000014"}
{"filename":"categoryModels.js","level":"info","message":"Corporate categories fetched successfully","timestamp":"2024-09-29T17:41:31.151Z","userId":"C000014"}
{"count":0,"customer_id":"C000014","filename":"customerModels.js","level":"info","message":"Addresses retrieved for customer ID:","timestamp":"2024-09-29T17:41:31.153Z","userId":"C000014"}
{"count":0,"customer_id":"C000014","filename":"customerModels.js","level":"info","message":"Addresses retrieved for customer ID:","timestamp":"2024-09-29T17:41:31.173Z","userId":"C000014"}
{"filename":"categoryModels.js","level":"info","message":"Corporate categories fetched successfully","timestamp":"2024-09-29T17:46:31.432Z","userId":"C000014"}
{"filename":"categoryModels.js","level":"info","message":"Corporate categories fetched successfully","timestamp":"2024-09-29T17:46:31.454Z","userId":"C000014"}
